<?xml version="1.0" encoding="UTF-8"?>
<!-- Generated by org.testng.reporters.JUnitReportReporter -->
<testsuite hostname="Gulshan" failures="0" tests="2" name="projectTest.ProjectTest" time="1.415" errors="0" timestamp="03 Jul 2024 09:53:19 GMT" skipped="0">
  <testcase classname="projectTest.ProjectTest" name="addDuplicateProjectTest" time="0.122"/>
  <testcase classname="projectTest.ProjectTest" name="addSingleProjectWithCreated" time="1.293"/>
</testsuite> <!-- projectTest.ProjectTest -->
