<?xml version="1.0" encoding="UTF-8"?>
<!-- Generated by org.testng.reporters.JUnitReportReporter -->
<testsuite hostname="Gulshan" failures="0" tests="2" name="employeeTest.EmployeeTest" time="2.470" errors="0" timestamp="03 Jul 2024 09:53:19 GMT" skipped="0">
  <testcase classname="employeeTest.EmployeeTest" name="addEmployeeTest" time="0.643"/>
  <testcase classname="employeeTest.EmployeeTest" name="addEmployeWithOutEmail" time="1.827"/>
</testsuite> <!-- employeeTest.EmployeeTest -->
